0 info it worked if it ends with ok
1 verbose cli [ 'C:\\Program Files\\nodejs\\node.exe',
1 verbose cli   'C:\\Program Files\\nodejs\\node_modules\\npm\\bin\\npm-cli.js',
1 verbose cli   'run',
1 verbose cli   'dev-build' ]
2 info using npm@4.1.2
3 info using node@v7.5.0
4 verbose run-script [ 'predev-build', 'dev-build', 'postdev-build' ]
5 info lifecycle es6-modules@1.0.0~predev-build: es6-modules@1.0.0
6 silly lifecycle es6-modules@1.0.0~predev-build: no script for predev-build, continuing
7 info lifecycle es6-modules@1.0.0~dev-build: es6-modules@1.0.0
8 verbose lifecycle es6-modules@1.0.0~dev-build: unsafe-perm in lifecycle true
9 verbose lifecycle es6-modules@1.0.0~dev-build: PATH: C:\Program Files\nodejs\node_modules\npm\bin\node-gyp-bin;C:\Users\training\Desktop\tng_ws\ES6-modules\node_modules\.bin;C:\oraclexe\app\oracle\product\11.2.0\server\bin;D:\app\client\training\product\12.1.0\client_1\bin;C:\ProgramData\Oracle\Java\javapath;C:\WINDOWS\system32;C:\WINDOWS;C:\WINDOWS\System32\Wbem;C:\WINDOWS\System32\WindowsPowerShell\v1.0\;C:\Program Files\Java\jdk1.7.0\bin;C:\Program Files (x86)\Microsoft Application Virtualization Client;C:\Program Files\nodejs\;C:\Program Files\Git\cmd;;C:\Program Files (x86)\Microsoft VS Code\bin;C:\Users\training\AppData\Roaming\npm
10 verbose lifecycle es6-modules@1.0.0~dev-build: CWD: C:\Users\training\Desktop\tng_ws\ES6-modules
11 silly lifecycle es6-modules@1.0.0~dev-build: Args: [ '/d /s /c',
11 silly lifecycle   'node ./node_modules/webpack/bin/webpack-dev-server.js' ]
12 silly lifecycle es6-modules@1.0.0~dev-build: Returned: code: 1  signal: null
13 info lifecycle es6-modules@1.0.0~dev-build: Failed to exec dev-build script
14 verbose stack Error: es6-modules@1.0.0 dev-build: `node ./node_modules/webpack/bin/webpack-dev-server.js`
14 verbose stack Exit status 1
14 verbose stack     at EventEmitter.<anonymous> (C:\Program Files\nodejs\node_modules\npm\lib\utils\lifecycle.js:279:16)
14 verbose stack     at emitTwo (events.js:106:13)
14 verbose stack     at EventEmitter.emit (events.js:192:7)
14 verbose stack     at ChildProcess.<anonymous> (C:\Program Files\nodejs\node_modules\npm\lib\utils\spawn.js:40:14)
14 verbose stack     at emitTwo (events.js:106:13)
14 verbose stack     at ChildProcess.emit (events.js:192:7)
14 verbose stack     at maybeClose (internal/child_process.js:890:16)
14 verbose stack     at Process.ChildProcess._handle.onexit (internal/child_process.js:226:5)
15 verbose pkgid es6-modules@1.0.0
16 verbose cwd C:\Users\training\Desktop\tng_ws\ES6-modules
17 error Windows_NT 6.1.7601
18 error argv "C:\\Program Files\\nodejs\\node.exe" "C:\\Program Files\\nodejs\\node_modules\\npm\\bin\\npm-cli.js" "run" "dev-build"
19 error node v7.5.0
20 error npm  v4.1.2
21 error code ELIFECYCLE
22 error es6-modules@1.0.0 dev-build: `node ./node_modules/webpack/bin/webpack-dev-server.js`
22 error Exit status 1
23 error Failed at the es6-modules@1.0.0 dev-build script 'node ./node_modules/webpack/bin/webpack-dev-server.js'.
23 error Make sure you have the latest version of node.js and npm installed.
23 error If you do, this is most likely a problem with the es6-modules package,
23 error not with npm itself.
23 error Tell the author that this fails on your system:
23 error     node ./node_modules/webpack/bin/webpack-dev-server.js
23 error You can get information on how to open an issue for this project with:
23 error     npm bugs es6-modules
23 error Or if that isn't available, you can get their info via:
23 error     npm owner ls es6-modules
23 error There is likely additional logging output above.
24 verbose exit [ 1, true ]
