0 info it worked if it ends with ok
1 verbose cli [ 'C:\\Program Files\\nodejs\\node.exe',
1 verbose cli   'C:\\Program Files\\nodejs\\node_modules\\npm\\bin\\npm-cli.js',
1 verbose cli   'run',
1 verbose cli   'test' ]
2 info using npm@4.1.2
3 info using node@v7.5.0
4 verbose run-script [ 'pretest', 'test', 'posttest' ]
5 info lifecycle react-starter-kit@1.0.0~pretest: react-starter-kit@1.0.0
6 silly lifecycle react-starter-kit@1.0.0~pretest: no script for pretest, continuing
7 info lifecycle react-starter-kit@1.0.0~test: react-starter-kit@1.0.0
8 verbose lifecycle react-starter-kit@1.0.0~test: unsafe-perm in lifecycle true
9 verbose lifecycle react-starter-kit@1.0.0~test: PATH: C:\Program Files\nodejs\node_modules\npm\bin\node-gyp-bin;C:\Users\training\Desktop\Tng_ws\React\14.React-Redux-REST-Todo-app\node_modules\.bin;C:\oraclexe\app\oracle\product\11.2.0\server\bin;D:\app\client\training\product\12.1.0\client_1\bin;C:\ProgramData\Oracle\Java\javapath;C:\WINDOWS\system32;C:\WINDOWS;C:\WINDOWS\System32\Wbem;C:\WINDOWS\System32\WindowsPowerShell\v1.0\;C:\Program Files\Java\jdk1.7.0\bin;C:\Program Files (x86)\Microsoft Application Virtualization Client;C:\Program Files\nodejs\;C:\Program Files\Git\cmd;;C:\Program Files (x86)\Microsoft VS Code\bin;C:\Users\training\AppData\Roaming\npm
10 verbose lifecycle react-starter-kit@1.0.0~test: CWD: C:\Users\training\Desktop\Tng_ws\React\14.React-Redux-REST-Todo-app
11 silly lifecycle react-starter-kit@1.0.0~test: Args: [ '/d /s /c',
11 silly lifecycle   'node ./node_modules/mocha/bin/mocha --compilers js:babel-core/register --recursive' ]
12 silly lifecycle react-starter-kit@1.0.0~test: Returned: code: 10  signal: null
13 info lifecycle react-starter-kit@1.0.0~test: Failed to exec test script
14 verbose stack Error: react-starter-kit@1.0.0 test: `node ./node_modules/mocha/bin/mocha --compilers js:babel-core/register --recursive`
14 verbose stack Exit status 10
14 verbose stack     at EventEmitter.<anonymous> (C:\Program Files\nodejs\node_modules\npm\lib\utils\lifecycle.js:279:16)
14 verbose stack     at emitTwo (events.js:106:13)
14 verbose stack     at EventEmitter.emit (events.js:192:7)
14 verbose stack     at ChildProcess.<anonymous> (C:\Program Files\nodejs\node_modules\npm\lib\utils\spawn.js:40:14)
14 verbose stack     at emitTwo (events.js:106:13)
14 verbose stack     at ChildProcess.emit (events.js:192:7)
14 verbose stack     at maybeClose (internal/child_process.js:890:16)
14 verbose stack     at Process.ChildProcess._handle.onexit (internal/child_process.js:226:5)
15 verbose pkgid react-starter-kit@1.0.0
16 verbose cwd C:\Users\training\Desktop\Tng_ws\React\14.React-Redux-REST-Todo-app
17 error Windows_NT 6.1.7601
18 error argv "C:\\Program Files\\nodejs\\node.exe" "C:\\Program Files\\nodejs\\node_modules\\npm\\bin\\npm-cli.js" "run" "test"
19 error node v7.5.0
20 error npm  v4.1.2
21 error code ELIFECYCLE
22 error react-starter-kit@1.0.0 test: `node ./node_modules/mocha/bin/mocha --compilers js:babel-core/register --recursive`
22 error Exit status 10
23 error Failed at the react-starter-kit@1.0.0 test script 'node ./node_modules/mocha/bin/mocha --compilers js:babel-core/register --recursive'.
23 error Make sure you have the latest version of node.js and npm installed.
23 error If you do, this is most likely a problem with the react-starter-kit package,
23 error not with npm itself.
23 error Tell the author that this fails on your system:
23 error     node ./node_modules/mocha/bin/mocha --compilers js:babel-core/register --recursive
23 error You can get information on how to open an issue for this project with:
23 error     npm bugs react-starter-kit
23 error Or if that isn't available, you can get their info via:
23 error     npm owner ls react-starter-kit
23 error There is likely additional logging output above.
24 verbose exit [ 1, true ]
